-------------------------------------------------------------------------------
Test set: TestSuite
-------------------------------------------------------------------------------
Tests run: 24, Failures: 22, Errors: 0, Skipped: 2, Time elapsed: 0.889 s <<< FAILURE! - in TestSuite
browserConfig(com.demo.tests.TestCase_01)  Time elapsed: 0.613 s  <<< FAILURE!
java.lang.IllegalStateException: The driver executable does not exist: C:\Automation\src\main\resources\drivers\chromedriver.exe

post_login(com.demo.tests.TestCase_01)  Time elapsed: 0.128 s  <<< FAILURE!
java.lang.IllegalArgumentException: InputStream cannot be null
	at com.demo.tests.TestCase_01.post_login(TestCase_01.java:55)

generateReport(com.demo.tests.TestCase_01)  Time elapsed: 0.13 s  <<< FAILURE!
java.lang.NullPointerException

get_user_info(com.demo.tests.TestCase_01)  Time elapsed: 0.001 s  <<< FAILURE!
java.lang.IllegalStateException: No reporters were started. Atleast 1 reporter must be started to create tests.
	at com.demo.tests.TestCase_01.get_user_info(TestCase_01.java:63)

generateReport(com.demo.tests.TestCase_01)  Time elapsed: 0.004 s  <<< FAILURE!
java.lang.NullPointerException

get_product_list(com.demo.tests.TestCase_01)  Time elapsed: 0.002 s  <<< FAILURE!
java.lang.IllegalStateException: No reporters were started. Atleast 1 reporter must be started to create tests.
	at com.demo.tests.TestCase_01.get_product_list(TestCase_01.java:70)

generateReport(com.demo.tests.TestCase_01)  Time elapsed: 0.004 s  <<< FAILURE!
java.lang.NullPointerException

post_place_order(com.demo.tests.TestCase_01)  Time elapsed: 0.002 s  <<< FAILURE!
java.lang.IllegalStateException: No reporters were started. Atleast 1 reporter must be started to create tests.
	at com.demo.tests.TestCase_01.post_place_order(TestCase_01.java:78)

generateReport(com.demo.tests.TestCase_01)  Time elapsed: 0.005 s  <<< FAILURE!
java.lang.NullPointerException

post_confirm_order(com.demo.tests.TestCase_01)  Time elapsed: 0.001 s  <<< FAILURE!
java.lang.IllegalStateException: No reporters were started. Atleast 1 reporter must be started to create tests.
	at com.demo.tests.TestCase_01.post_confirm_order(TestCase_01.java:85)

generateReport(com.demo.tests.TestCase_01)  Time elapsed: 0.004 s  <<< FAILURE!
java.lang.NullPointerException

get_transaction_history(com.demo.tests.TestCase_01)  Time elapsed: 0.001 s  <<< FAILURE!
java.lang.IllegalStateException: No reporters were started. Atleast 1 reporter must be started to create tests.
	at com.demo.tests.TestCase_01.get_transaction_history(TestCase_01.java:92)

generateReport(com.demo.tests.TestCase_01)  Time elapsed: 0.004 s  <<< FAILURE!
java.lang.NullPointerException

web_login(com.demo.tests.TestCase_01)  Time elapsed: 0.017 s  <<< FAILURE!
java.lang.IllegalStateException: No reporters were started. Atleast 1 reporter must be started to create tests.
	at com.demo.tests.TestCase_01.web_login(TestCase_01.java:27)

generateReport(com.demo.tests.TestCase_01)  Time elapsed: 0.02 s  <<< FAILURE!
java.lang.NullPointerException

web_user_amount(com.demo.tests.TestCase_01)  Time elapsed: 0.005 s  <<< FAILURE!
java.lang.IllegalStateException: No reporters were started. Atleast 1 reporter must be started to create tests.
	at com.demo.tests.TestCase_01.web_user_amount(TestCase_01.java:35)

generateReport(com.demo.tests.TestCase_01)  Time elapsed: 0.009 s  <<< FAILURE!
java.lang.NullPointerException

web_user_transactions(com.demo.tests.TestCase_01)  Time elapsed: 0.001 s  <<< FAILURE!
java.lang.IllegalStateException: No reporters were started. Atleast 1 reporter must be started to create tests.
	at com.demo.tests.TestCase_01.web_user_transactions(TestCase_01.java:42)

generateReport(com.demo.tests.TestCase_01)  Time elapsed: 0.004 s  <<< FAILURE!
java.lang.NullPointerException

web_search_product(com.demo.tests.TestCase_01)  Time elapsed: 0.003 s  <<< FAILURE!
java.lang.IllegalStateException: No reporters were started. Atleast 1 reporter must be started to create tests.
	at com.demo.tests.TestCase_01.web_search_product(TestCase_01.java:48)

generateReport(com.demo.tests.TestCase_01)  Time elapsed: 0.006 s  <<< FAILURE!
java.lang.NullPointerException

flushReportData(com.demo.tests.TestCase_01)  Time elapsed: 0.008 s  <<< FAILURE!
java.lang.IllegalStateException: No reporters were started. Atleast 1 reporter must be started to flush results.

